<?xml version="1.0" encoding="UTF-8"?>
<!-- Generated by org.testng.reporters.JUnitReportReporter -->
<testsuite hostname="HQSWL-C053000" failures="0" tests="2" name="hybridDemos.HybridEbayProdCatSearchTest" time="14.851" errors="0" timestamp="2023-02-03T21:05:35 EST" skipped="0">
  <testcase classname="hybridDemos.HybridEbayProdCatSearchTest" name="prodSearch" time="7.340"/>
  <system-out>
    <![CDATA['English''Product search in 'Music'Category test is succesful]]>
  </system-out>
  <testcase classname="hybridDemos.HybridEbayProdCatSearchTest" name="prodSearch" time="7.511"/>
  <system-out>
    <![CDATA['Selenium WebDriver''Product search in 'Books'Category test is succesful]]>
  </system-out>
</testsuite> <!-- hybridDemos.HybridEbayProdCatSearchTest -->
