<?xml version="1.0" encoding="UTF-8"?>
<!-- Generated by org.testng.reporters.JUnitReportReporter -->
<testsuite hostname="HQSWL-C053000" failures="0" tests="1" name="kwdfDemos.MyTest" time="11.204" errors="0" timestamp="2023-02-05T19:01:18 EST" skipped="0">
  <testcase classname="kwdfDemos.MyTest" name="SampleTest" time="11.204"/>
  <system-out/>
</testsuite> <!-- kwdfDemos.MyTest -->
