<?xml version="1.0" encoding="UTF-8"?>
<!-- Generated by org.testng.reporters.JUnitReportReporter -->
<testsuite hostname="HQSWL-C053000" failures="0" tests="1" name="mymvnDemos.MyTest" time="9.558" errors="0" timestamp="2023-02-01T18:34:21 EST" skipped="0">
  <testcase classname="mymvnDemos.MyTest" name="Search" time="9.558"/>
  <system-out>
    <![CDATA[Ebay search test is succesful]]>
  </system-out>
</testsuite> <!-- mymvnDemos.MyTest -->
