<?xml version="1.0" encoding="UTF-8"?>
<!-- Generated by org.testng.reporters.JUnitReportReporter -->
<testsuite hostname="HQSWL-C053000" failures="0" tests="2" name="ddfDemos.DDFEbayProdCatSearch" time="14.144" errors="0" timestamp="2023-02-03T20:33:46 EST" skipped="0">
  <testcase classname="ddfDemos.DDFEbayProdCatSearch" name="catSearch" time="6.905"/>
  <system-out>
    <![CDATA['Selenium WebDriver''Product search in 'Books'Category test is succesful]]>
  </system-out>
  <testcase classname="ddfDemos.DDFEbayProdCatSearch" name="catSearch" time="7.239"/>
  <system-out>
    <![CDATA['English''Product search in 'Music'Category test is succesful]]>
  </system-out>
</testsuite> <!-- ddfDemos.DDFEbayProdCatSearch -->
