<?xml version="1.0" encoding="UTF-8"?>
<!-- Generated by org.testng.reporters.JUnitReportReporter -->
<testsuite hostname="HQSWL-C053000" failures="0" tests="1" name="pomTests.POMEbayProdCatSearchTest" time="10.612" errors="0" timestamp="2023-02-02T22:23:30 EST" skipped="0">
  <testcase classname="pomTests.POMEbayProdCatSearchTest" name="catSearch" time="10.612"/>
  <system-out>
    <![CDATA[Ebay search test is succesful]]>
  </system-out>
</testsuite> <!-- pomTests.POMEbayProdCatSearchTest -->
