<?xml version="1.0" encoding="UTF-8"?>
<!-- Generated by org.testng.reporters.JUnitReportReporter -->
<testsuite hostname="HQSWL-C053000" failures="0" tests="1" name="pomTests.EbayProductSearchTest" time="7.391" errors="0" timestamp="2023-02-02T22:43:07 EST" skipped="0">
  <testcase classname="pomTests.EbayProductSearchTest" name="prodSeach" time="7.391"/>
  <system-out>
    <![CDATA[Ebay search test is succesful]]>
  </system-out>
</testsuite> <!-- pomTests.EbayProductSearchTest -->
