<?xml version="1.0" encoding="UTF-8"?>
<!-- Generated by org.testng.reporters.JUnitReportReporter -->
<testsuite hostname="HQSWL-C053000" failures="0" tests="1" name="testNGDemos.ParameterTestDemo" time="6.007" errors="0" timestamp="2023-02-01T15:50:12 EST" skipped="0">
  <testcase classname="testNGDemos.ParameterTestDemo" name="Search" time="6.007"/>
  <system-out>
    <![CDATA['Selenium WebDriver'is searched in category'Books'Ebay search test is succesful]]>
  </system-out>
</testsuite> <!-- testNGDemos.ParameterTestDemo -->
