<?xml version="1.0" encoding="UTF-8"?>
<!-- Generated by org.testng.reporters.JUnitReportReporter -->
<testsuite hostname="HQSWL-C053000" failures="0" tests="4" name="testNGDemos.MultiTestDemo" time="0.008" errors="0" timestamp="2023-01-31T13:44:32 EST" skipped="0">
  <testcase classname="testNGDemos.MultiTestDemo" name="Login" time="0.001"/>
  <system-out/>
  <testcase classname="testNGDemos.MultiTestDemo" name="Deposit" time="0.005"/>
  <system-out/>
  <testcase classname="testNGDemos.MultiTestDemo" name="Signout" time="0.001"/>
  <system-out/>
  <testcase classname="testNGDemos.MultiTestDemo" name="Withdraw" time="0.001"/>
  <system-out/>
</testsuite> <!-- testNGDemos.MultiTestDemo -->
