<?xml version="1.0" encoding="UTF-8"?>
<!-- Generated by org.testng.reporters.JUnitReportReporter -->
<testsuite hostname="HQSWL-C053000" failures="0" tests="1" name="testNGDemos.UsingAnnotations1" time="2.045" errors="0" timestamp="2023-01-31T20:09:29 EST" skipped="0">
  <testcase classname="testNGDemos.UsingAnnotations1" name="Search" time="2.045"/>
  <system-out/>
</testsuite> <!-- testNGDemos.UsingAnnotations1 -->
