<?xml version="1.0" encoding="UTF-8"?>
<!-- Generated by org.testng.reporters.JUnitReportReporter -->
<testsuite hostname="HQSWL-C053000" failures="0" tests="1" name="testNGDemos.EbayTest" time="6.358" errors="0" timestamp="2023-01-31T13:26:32 EST" skipped="0">
  <testcase classname="testNGDemos.EbayTest" name="eSearch" time="6.358"/>
  <system-out>
    <![CDATA[Ebay search test is succesful]]>
  </system-out>
</testsuite> <!-- testNGDemos.EbayTest -->
