<?xml version="1.0" encoding="UTF-8"?>
<!-- Generated by org.testng.reporters.JUnitReportReporter -->
<testsuite hostname="HQSWL-C053000" failures="0" tests="2" name="testNGDemos.DependencyTestDemo" time="1.734" errors="0" timestamp="2023-01-31T22:14:13 EST" skipped="0">
  <testcase classname="testNGDemos.DependencyTestDemo" name="checkTitle" time="0.010"/>
  <system-out/>
  <testcase classname="testNGDemos.DependencyTestDemo" name="Search" time="1.724"/>
  <system-out/>
</testsuite> <!-- testNGDemos.DependencyTestDemo -->
