<?xml version="1.0" encoding="UTF-8"?>
<!-- Generated by org.testng.reporters.JUnitReportReporter -->
<testsuite hostname="HQSWL-C053000" failures="0" tests="1" name="mymvnDemos.MyTest" time="6.929" errors="0" timestamp="2023-02-08T14:23:57 EST" skipped="0">
  <testcase classname="mymvnDemos.MyTest" name="Search" time="6.929"/>
  <system-out>
    <![CDATA[Ebay search test is succesful]]>
  </system-out>
</testsuite> <!-- mymvnDemos.MyTest -->
