<?xml version="1.0" encoding="UTF-8"?>
<!-- Generated by org.testng.reporters.JUnitReportReporter -->
<testsuite hostname="HQSWL-C053000" failures="0" tests="1" name="pomTests.EbayProdCatSearchTest" time="8.373" errors="0" timestamp="2023-02-02T15:36:27 EST" skipped="0">
  <testcase classname="pomTests.EbayProdCatSearchTest" name="catSearch" time="8.373"/>
  <system-out>
    <![CDATA[Ebay search test is succesful]]>
  </system-out>
</testsuite> <!-- pomTests.EbayProdCatSearchTest -->
