<?xml version="1.0" encoding="UTF-8"?>
<!-- Generated by org.testng.reporters.JUnitReportReporter -->
<testsuite hostname="HQSWL-C053000" failures="0" tests="2" name="hybridDemos.HybridEbayProdSearchTest" time="20.412" errors="0" timestamp="2023-02-03T21:04:03 EST" skipped="0">
  <testcase classname="hybridDemos.HybridEbayProdSearchTest" name="prodSearch" time="10.021"/>
  <system-out>
    <![CDATA['Selenium WebDriver'Product search test is succesful]]>
  </system-out>
  <testcase classname="hybridDemos.HybridEbayProdSearchTest" name="prodSearch" time="10.391"/>
  <system-out>
    <![CDATA['English'Product search test is succesful]]>
  </system-out>
</testsuite> <!-- hybridDemos.HybridEbayProdSearchTest -->
