<?xml version="1.0" encoding="UTF-8"?>
<!-- Generated by org.testng.reporters.JUnitReportReporter -->
<testsuite hostname="HQSWL-C053000" failures="0" tests="1" name="pomTests.PomEbayProdSearchTest" time="8.111" errors="0" timestamp="2023-02-02T18:26:35 EST" skipped="0">
  <testcase classname="pomTests.PomEbayProdSearchTest" name="prodSearch" time="8.111"/>
  <system-out>
    <![CDATA[Ebay search test is succesful]]>
  </system-out>
</testsuite> <!-- pomTests.PomEbayProdSearchTest -->
