<?xml version="1.0" encoding="UTF-8"?>
<!-- Generated by org.testng.reporters.JUnitReportReporter -->
<testsuite hostname="HQSWL-C053000" failures="0" tests="1" name="pomPages.POMEbayProdCatSearchTest" time="7.547" errors="0" timestamp="2023-02-02T16:09:20 EST" skipped="0">
  <testcase classname="pomPages.POMEbayProdCatSearchTest" name="catSearch" time="7.547"/>
  <system-out>
    <![CDATA[Ebay search test is succesful]]>
  </system-out>
</testsuite> <!-- pomPages.POMEbayProdCatSearchTest -->
