<?xml version="1.0" encoding="UTF-8"?>
<!-- Generated by org.testng.reporters.JUnitReportReporter -->
<testsuite hostname="HQSWL-C053000" failures="0" tests="1" name="testNGDemos.UsingAnnotations2" time="6.978" errors="0" timestamp="2023-02-02T22:36:53 EST" skipped="0">
  <testcase classname="testNGDemos.UsingAnnotations2" name="getGmail" time="6.978"/>
  <system-out/>
</testsuite> <!-- testNGDemos.UsingAnnotations2 -->
