<?xml version="1.0" encoding="UTF-8"?>
<!-- Generated by org.testng.reporters.JUnitReportReporter -->
<testsuite hostname="HQSWL-C053000" failures="0" tests="4" name="testNGDemos.PrioritizedTest" time="0.009" errors="0" timestamp="2023-01-31T16:02:41 EST" skipped="1">
  <testcase classname="testNGDemos.PrioritizedTest" name="Login" time="0.007"/>
  <system-out/>
  <testcase classname="testNGDemos.PrioritizedTest" name="Deposit" time="0.001"/>
  <system-out/>
  <testcase classname="testNGDemos.PrioritizedTest" name="Withdraw" time="0.001"/>
  <system-out/>
  <testcase classname="testNGDemos.PrioritizedTest" name="Signout">
    <skipped/>
  </testcase> <!-- Signout -->
  <system-out/>
</testsuite> <!-- testNGDemos.PrioritizedTest -->
