<?xml version="1.0" encoding="UTF-8"?>
<!-- Generated by org.testng.reporters.JUnitReportReporter -->
<testsuite hostname="HQSWL-C053000" failures="0" tests="1" name="testNGDemos.AmazonTest" time="7.091" errors="0" timestamp="2023-01-31T13:26:32 EST" skipped="0">
  <testcase classname="testNGDemos.AmazonTest" name="aSearch" time="7.091"/>
  <system-out>
    <![CDATA[Amazon search test is succesful...]]>
  </system-out>
</testsuite> <!-- testNGDemos.AmazonTest -->
