<?xml version="1.0" encoding="UTF-8"?>
<!-- Generated by org.testng.reporters.JUnitReportReporter -->
<testsuite hostname="HQSWL-C053000" failures="0" tests="2" name="testNGDemos.GroupTestDemo" time="0.005" errors="0" timestamp="2023-01-31T18:20:21 EST" skipped="0">
  <testcase classname="testNGDemos.GroupTestDemo" name="Login" time="0.004"/>
  <system-out/>
  <testcase classname="testNGDemos.GroupTestDemo" name="Withdraw" time="0.001"/>
  <system-out/>
</testsuite> <!-- testNGDemos.GroupTestDemo -->
